12:28:22 [INFO] fair - Loading checkpoint from outputs/checkpoints/spectra_ckpt.pkl ...
12:28:30 [INFO] fair - Raw feature matrix: (300000, 31) | features: ['block_height', 'block_time', 'version', 'locktime', 'size', 'vsize', 'weight', 'input_count', 'output_count', 'total_input_value', 'total_output_value', 'fee', 'has_coinbase', 'has_op_return', 'rbf_enabled', 'hour', 'day_of_week', 'week_of_year', 'year', 'input_output_ratio', 'value_difference', 'fee_rate_sat_per_byte', 'fee_rate_sat_per_vbyte', 'input_address_count', 'output_address_count', 'total_addresses', 'input_script_count', 'avg_input_value', 'avg_output_value', 'value_concentration_ratio', 'sample_size']
12:28:30 [INFO] fair - Dropped temporal leakage features: ['block_height', 'block_time', 'year']
12:28:30 [INFO] fair - Remaining features (28): ['version', 'locktime', 'size', 'vsize', 'weight', 'input_count', 'output_count', 'total_input_value', 'total_output_value', 'fee', 'has_coinbase', 'has_op_return', 'rbf_enabled', 'hour', 'day_of_week', 'week_of_year', 'input_output_ratio', 'value_difference', 'fee_rate_sat_per_byte', 'fee_rate_sat_per_vbyte', 'input_address_count', 'output_address_count', 'total_addresses', 'input_script_count', 'avg_input_value', 'avg_output_value', 'value_concentration_ratio', 'sample_size']
12:28:30 [INFO] fair - Re-computing Mutual Information scores (k=20) ...
12:28:53 [INFO] fair - Top-20 MI features (temporally fair): ['weight', 'vsize', 'size', 'output_count', 'input_count', 'fee_rate_sat_per_byte', 'fee', 'value_difference', 'fee_rate_sat_per_vbyte', 'total_output_value', 'avg_output_value', 'total_input_value', 'avg_input_value', 'input_output_ratio', 'has_op_return', 'rbf_enabled', 'version', 'week_of_year', 'sample_size', 'locktime']
12:28:53 [INFO] fair - Train/Val/Test shapes: (209999, 20) | (45000, 20) | (45001, 20)
12:28:53 [INFO] fair - [Fair B1] KMeans ...
12:28:58 [INFO] spectra.baselines - KMeans: {'silhouette': 0.1726684088278293, 'davies_bouldin': 1.321406243497922, 'calinski_harabasz': 7457.678741628609, 'nmi': 0.030667879691114758, 'train_time_s': 3.958895499999926, 'inference_ms': 5.6296526626472984e-05}
12:28:58 [INFO] fair - [Fair B2] DBSCAN ...
12:29:00 [INFO] spectra.baselines - DBSCAN clusters=76 noise=6535
12:29:00 [INFO] fair - [Fair B3] Isolation Forest ...
12:29:01 [INFO] fair - [Fair B4] Autoencoder + KMeans ...
12:29:33 [INFO] fair - [Fair B5] Plain HDBSCAN ...
12:29:58 [INFO] fair - [Fair B6] XGBoost ...
12:30:02 [INFO] spectra.baselines - XGBoost: accuracy=1.0000 f1_macro=1.0000
12:30:02 [INFO] fair - [Fair B7] EvolveGCN ...
12:30:04 [INFO] spectra.baselines - EvolveGCN: accuracy=0.5844 f1_macro=0.5692
12:30:04 [INFO] fair - [Fair B8] BERT4ETH ...
12:33:42 [INFO] spectra.baselines - BERT4ETH: accuracy=0.9998 f1_macro=0.9998
12:33:42 [INFO] fair - [Fair B9] Graph Autoencoder ...
12:33:45 [INFO] fair - [Fair B10] AA-GNN ...
12:33:46 [INFO] spectra.baselines - AA-GNN: accuracy=0.5115 f1_macro=0.4953
12:33:46 [INFO] fair - [Fair] Adding SPECTRA (spectral GNN, temporally fair by construction) ...
12:33:46 [INFO] fair - Saved outputs/results_table_fair.csv
12:33:46 [INFO] fair - Saved outputs/results_table_fair.tex
12:33:46 [INFO] fair - Saved outputs/results_table_combined.csv
12:33:46 [INFO] fair - Saved outputs/results_table_combined.tex
12:33:46 [INFO] fair - Fair baseline run complete.
