08:15:04 [INFO] spectra - ======================================================================
08:15:04 [INFO] spectra -   SPECTRA — Spectral-Probabilistic Ensemble Clustering
08:15:04 [INFO] spectra -   for Transaction Recognition and Authentication
08:15:04 [INFO] spectra -   Author: Sagar Korde | Target: IEEE TIFS
08:15:04 [INFO] spectra - ======================================================================
08:15:04 [INFO] spectra - Config: config.yaml | Phase: all
08:15:04 [INFO] spectra - Device: cuda | CUDA: NVIDIA GeForce RTX 4060 Laptop GPU
08:15:13 [INFO] spectra.pipeline - SPECTRA Pipeline initialized | device=cuda | seed=42
08:15:13 [INFO] spectra.pipeline - >> SPECTRA pipeline starting ...
08:15:13 [INFO] spectra.pipeline - [Phase 1] Loaded from checkpoint.
08:15:13 [INFO] spectra.pipeline - [Phase 2] Loaded from checkpoint.
08:15:13 [INFO] spectra.pipeline - ============================================================
08:15:13 [INFO] spectra.pipeline - [Phase 3] BASELINE COMPARISON
08:15:13 [INFO] spectra.pipeline - ============================================================
08:15:14 [INFO] spectra.pipeline - [Phase 3] B1 KMeans ...
08:15:21 [INFO] spectra.baselines - KMeans: {'silhouette': 0.16820578277111053, 'davies_bouldin': 1.4899829053563156, 'calinski_harabasz': 7050.8111574505065, 'nmi': 0.04301254104590062, 'train_time_s': 5.833941400000185, 'inference_ms': 6.420301765068375e-05}
08:15:21 [INFO] spectra.pipeline - [Phase 3] B2 DBSCAN ...
08:15:23 [INFO] spectra.baselines - DBSCAN clusters=174 noise=13298
08:15:23 [INFO] spectra.pipeline - [Phase 3] B3 Isolation Forest ...
08:15:24 [INFO] spectra.pipeline - [Phase 3] B4 Autoencoder + KMeans ...
08:16:06 [INFO] spectra.pipeline - [Phase 3] B5 Plain HDBSCAN ...
08:16:51 [INFO] spectra.pipeline - [Phase 3] B6 XGBoost ...
08:16:56 [INFO] spectra.baselines - XGBoost: accuracy=1.0000 f1_macro=1.0000
08:16:56 [INFO] spectra.pipeline - [Phase 3] B7 EvolveGCN ...
