08:17:27 [INFO] spectra - ======================================================================
08:17:27 [INFO] spectra -   SPECTRA — Spectral-Probabilistic Ensemble Clustering
08:17:27 [INFO] spectra -   for Transaction Recognition and Authentication
08:17:27 [INFO] spectra -   Author: Sagar Korde | Target: IEEE TIFS
08:17:27 [INFO] spectra - ======================================================================
08:17:27 [INFO] spectra - Config: config.yaml | Phase: all
08:17:27 [INFO] spectra - Device: cuda | CUDA: NVIDIA GeForce RTX 4060 Laptop GPU
08:17:35 [INFO] spectra.pipeline - SPECTRA Pipeline initialized | device=cuda | seed=42
08:17:35 [INFO] spectra.pipeline - >> SPECTRA pipeline starting ...
08:17:35 [INFO] spectra.pipeline - [Phase 1] Loaded from checkpoint.
08:17:35 [INFO] spectra.pipeline - [Phase 2] Loaded from checkpoint.
08:17:35 [INFO] spectra.pipeline - ============================================================
08:17:35 [INFO] spectra.pipeline - [Phase 3] BASELINE COMPARISON
08:17:35 [INFO] spectra.pipeline - ============================================================
08:17:35 [INFO] spectra.pipeline - [Phase 3] B1 KMeans ...
08:17:42 [INFO] spectra.baselines - KMeans: {'silhouette': 0.16820578277111053, 'davies_bouldin': 1.4899829053563156, 'calinski_harabasz': 7050.8111574505065, 'nmi': 0.04301254104590062, 'train_time_s': 5.487582800000382, 'inference_ms': 5.340547973606273e-05}
08:17:42 [INFO] spectra.pipeline - [Phase 3] B2 DBSCAN ...
08:17:44 [INFO] spectra.baselines - DBSCAN clusters=174 noise=13298
08:17:44 [INFO] spectra.pipeline - [Phase 3] B3 Isolation Forest ...
08:17:46 [INFO] spectra.pipeline - [Phase 3] B4 Autoencoder + KMeans ...
08:18:28 [INFO] spectra.pipeline - [Phase 3] B5 Plain HDBSCAN ...
08:19:13 [INFO] spectra.pipeline - [Phase 3] B6 XGBoost ...
08:19:18 [INFO] spectra.baselines - XGBoost: accuracy=1.0000 f1_macro=1.0000
08:19:18 [INFO] spectra.pipeline - [Phase 3] B7 EvolveGCN ...
08:19:20 [INFO] spectra.baselines - EvolveGCN: accuracy=0.5773 f1_macro=0.5561
08:19:20 [INFO] spectra.pipeline - [Phase 3] B8 BERT4ETH ...
08:24:17 [INFO] spectra.baselines - BERT4ETH: accuracy=1.0000 f1_macro=1.0000
08:24:17 [INFO] spectra.pipeline - [Phase 3] B9 Graph Autoencoder ...
08:24:21 [INFO] spectra.pipeline - [Phase 3] B10 AA-GNN ...
08:24:22 [INFO] spectra.baselines - AA-GNN: accuracy=0.4992 f1_macro=0.4800
08:24:30 [INFO] spectra.pipeline - [Phase 3] DONE — 11 models evaluated
08:24:30 [INFO] spectra.pipeline - ============================================================
08:24:30 [INFO] spectra.pipeline - [Phase 4] ABLATION STUDY
08:24:30 [INFO] spectra.pipeline - ============================================================
08:25:04 [INFO] spectra.pipeline - [Phase 4] Variant: SPECTRA-noS ...
08:25:04 [INFO] spectra.classifier - GNN epoch   1/60 | train_loss=29232.9023 val_loss=19474.8906 train_acc=0.3746 val_acc=0.2016
08:25:05 [INFO] spectra.classifier - GNN epoch  20/60 | train_loss=11385.5898 val_loss=3259.1301 train_acc=0.8722 val_acc=0.8789
08:25:06 [INFO] spectra.classifier - GNN epoch  40/60 | train_loss=10122.4756 val_loss=2192.4089 train_acc=0.8774 val_acc=0.8816
08:25:06 [INFO] spectra.classifier - Early stopping at epoch 44 (best val=2062.0544)
08:25:26 [INFO] spectra.pipeline - [Phase 4] Variant: SPECTRA-noVAE ...
08:25:27 [INFO] spectra.classifier - GNN epoch   1/60 | train_loss=52282.7930 val_loss=47765.9805 train_acc=0.1349 val_acc=0.3589
08:25:28 [INFO] spectra.classifier - GNN epoch  20/60 | train_loss=13846.7676 val_loss=7344.1890 train_acc=0.8658 val_acc=0.8662
08:25:28 [INFO] spectra.classifier - Early stopping at epoch 35 (best val=2106.7080)
08:25:28 [INFO] spectra.pipeline - [Phase 4] Variant: SPECTRA-noB ...
08:25:28 [INFO] spectra.classifier - GNN epoch   1/60 | train_loss=24160.0410 val_loss=14616.9336 train_acc=0.0503 val_acc=0.0358
08:25:29 [INFO] spectra.classifier - GNN epoch  20/60 | train_loss=10184.6221 val_loss=3330.0742 train_acc=0.8739 val_acc=0.8796
08:25:30 [INFO] spectra.classifier - Early stopping at epoch 25 (best val=2493.2068)
08:25:30 [INFO] spectra.pipeline - [Phase 4] Variant: SPECTRA-noM ...
08:25:30 [INFO] spectra.classifier - GNN epoch   1/60 | train_loss=24160.0332 val_loss=14616.9277 train_acc=0.0502 val_acc=0.0362
08:25:31 [INFO] spectra.classifier - GNN epoch  20/60 | train_loss=10184.6191 val_loss=3330.0691 train_acc=0.8743 val_acc=0.8791
08:25:31 [INFO] spectra.classifier - Early stopping at epoch 25 (best val=2493.2026)
08:25:31 [INFO] spectra.pipeline - [Phase 4] Variant: SPECTRA-noW ...
08:25:31 [INFO] spectra.classifier - GNN epoch   1/60 | train_loss=52282.7930 val_loss=47765.9805 train_acc=0.1349 val_acc=0.3589
08:25:32 [INFO] spectra.classifier - GNN epoch  20/60 | train_loss=13846.7676 val_loss=7344.1890 train_acc=0.8658 val_acc=0.8662
08:25:33 [INFO] spectra.classifier - Early stopping at epoch 35 (best val=2106.7080)
08:25:33 [INFO] spectra.pipeline - [Phase 4] Variant: SPECTRA-full ...
08:25:33 [INFO] spectra.classifier - GNN epoch   1/60 | train_loss=52282.8203 val_loss=47765.9922 train_acc=0.1205 val_acc=0.3624
08:25:34 [INFO] spectra.classifier - GNN epoch  20/60 | train_loss=13846.7705 val_loss=7344.1807 train_acc=0.8658 val_acc=0.8662
08:25:34 [INFO] spectra.classifier - Early stopping at epoch 35 (best val=2106.7046)
08:25:43 [INFO] spectra.pipeline - [Phase 4] DONE
08:25:43 [INFO] spectra.pipeline - ============================================================
08:25:43 [INFO] spectra.pipeline - [Phase 5] FIGURES
08:25:43 [INFO] spectra.pipeline - ============================================================
08:26:26 [INFO] spectra.visualize - Saved outputs/figures\fig1_tsne_comparison.pdf
08:26:27 [INFO] spectra.visualize - Saved outputs/figures\fig1_tsne_comparison.png
08:26:32 [INFO] spectra.visualize - Saved outputs/figures\fig2_vae_latent.pdf
08:26:33 [INFO] spectra.visualize - Saved outputs/figures\fig2_vae_latent.png
08:26:33 [INFO] spectra.visualize - Saved outputs/figures\fig3_roc_curves.pdf
08:26:33 [INFO] spectra.visualize - Saved outputs/figures\fig3_roc_curves.png
08:26:34 [INFO] spectra.visualize - Saved outputs/figures\fig4_pr_curves.pdf
08:26:34 [INFO] spectra.visualize - Saved outputs/figures\fig4_pr_curves.png
08:26:35 [INFO] spectra.visualize - Saved outputs/figures\fig5_confusion_matrices.pdf
08:26:35 [INFO] spectra.visualize - Saved outputs/figures\fig5_confusion_matrices.png
08:26:35 [INFO] spectra.visualize - Saved outputs/figures\fig6_wasserstein_drift.pdf
08:26:35 [INFO] spectra.visualize - Saved outputs/figures\fig6_wasserstein_drift.png
08:26:39 [INFO] spectra.visualize - Saved outputs/figures\fig7_markov_heatmap.pdf
08:26:40 [INFO] spectra.visualize - Saved outputs/figures\fig7_markov_heatmap.png
08:26:40 [INFO] spectra.visualize - Saved outputs/figures\fig8_nmf_patterns.pdf
08:26:41 [INFO] spectra.visualize - Saved outputs/figures\fig8_nmf_patterns.png
08:26:41 [INFO] spectra.visualize - Saved outputs/figures\fig9_feature_importance.pdf
08:26:41 [INFO] spectra.visualize - Saved outputs/figures\fig9_feature_importance.png
08:26:41 [INFO] spectra.visualize - Saved outputs/figures\fig10_ablation.pdf
08:26:42 [INFO] spectra.visualize - Saved outputs/figures\fig10_ablation.png
08:26:42 [INFO] spectra.visualize - Saved outputs/figures\fig_training_curves.pdf
08:26:42 [INFO] spectra.visualize - Saved outputs/figures\fig_training_curves.png
08:26:42 [WARNING] spectra.visualize - giotto-tda not installed — skipping Fig 11
08:26:42 [INFO] spectra.pipeline - [Phase 5] All figures saved to outputs/figures
08:26:42 [INFO] spectra.pipeline - ============================================================
08:26:42 [INFO] spectra.pipeline - [Phase 6] RESULTS TABLE
08:26:42 [INFO] spectra.pipeline - ============================================================
08:26:42 [INFO] spectra.pipeline - Results CSV: outputs/results_table.csv
08:26:42 [INFO] spectra.pipeline - Results LaTeX: outputs/results_table.tex
08:26:42 [INFO] spectra.pipeline - >> SPECTRA pipeline complete in 546.8 s (9.1 min)
08:26:42 [INFO] spectra - Total wall-clock time: 546.8 s (9.1 min)
08:26:42 [INFO] spectra - Outputs: outputs
