09:10:46 [INFO] spectra - ======================================================================
09:10:46 [INFO] spectra -   SPECTRA — Spectral-Probabilistic Ensemble Clustering
09:10:46 [INFO] spectra -   for Transaction Recognition and Authentication
09:10:46 [INFO] spectra -   Author: Sagar Korde | Target: IEEE TIFS
09:10:46 [INFO] spectra - ======================================================================
09:10:46 [INFO] spectra - Config: config.yaml | Phase: all
09:10:46 [INFO] spectra - Device: cuda | CUDA: NVIDIA GeForce RTX 4060 Laptop GPU
09:10:47 [INFO] spectra.pipeline - SPECTRA Pipeline initialized | device=cuda | seed=42
09:10:47 [INFO] spectra.pipeline - >> SPECTRA pipeline starting ...
09:10:47 [INFO] spectra.pipeline - ============================================================
09:10:47 [INFO] spectra.pipeline - [Phase 1] DATA PIPELINE
09:10:47 [INFO] spectra.pipeline - ============================================================
09:11:42 [INFO] spectra.graph - Loaded 5884387 rows x 53 cols from C:/Users/sagar/Desktop/CryptoGraphNet/Dataset.parquet
09:11:45 [INFO] spectra.graph - Sampled 300000 rows — class distribution: {0: 50000, 1: 50000, 2: 50000, 5: 50000, 3: 50000, 4: 50000}
09:11:49 [INFO] spectra.features - Feature matrix: 300000 × 31
09:11:50 [INFO] spectra.features - [Module E] Computing mutual information …
09:13:01 [INFO] spectra.features - Top-5 features by MI: [('weight', 1.3196), ('vsize', 1.2043), ('size', 1.1926), ('output_count', 1.1714), ('input_count', 0.7261)]
09:13:01 [INFO] spectra.features - Selected 20 features: ['block_height', 'block_time', 'version', 'locktime', 'size', 'vsize', 'weight', 'input_count', 'output_count', 'total_input_value', 'total_output_value', 'fee', 'has_coinbase', 'has_op_return', 'rbf_enabled', 'hour', 'day_of_week', 'week_of_year', 'year', 'input_output_ratio']
09:13:01 [INFO] spectra.features - [Module E] Running NMF (r=10) …
09:13:02 [INFO] spectra.features - [Module E] NMF reconstruction error: 1051.4056 | explained components: 10
09:13:03 [INFO] spectra.pipeline - [Phase 1] Building spectral graph on 100000 rows ...
09:13:03 [INFO] spectra.graph - [Module S] Extracting address pairs ...
09:13:14 [INFO] spectra.graph - [Module S] Building graph ...
09:13:37 [INFO] spectra.graph - Graph (full): 1035223 nodes | 10215817 edges
09:13:48 [INFO] spectra.graph - Graph (pruned to top-30000 by degree): 30000 nodes | 3610751 edges
09:13:48 [INFO] spectra.graph - [Module S] Computing Laplacian ...
09:13:55 [INFO] spectra.graph - [Module S] Extracting spectral embeddings ...
09:13:55 [INFO] spectra.graph - Computing spectral embedding (randomized SVD, k=10) on 30000-node graph ...
09:13:59 [INFO] spectra.graph - Spectral embedding shape: (30000, 10)
09:13:59 [INFO] spectra.graph - [Module S] Computing address-level features ...
09:14:10 [INFO] spectra.graph - [Module S] Node feature matrix: (30000, 16)
09:14:36 [INFO] spectra.pipeline - [Phase 1] DONE — 300000 samples | 20 features | 30000 graph nodes
09:14:36 [INFO] spectra.pipeline - ============================================================
09:14:36 [INFO] spectra.pipeline - [Phase 2] SPECTRA MODULES
09:14:36 [INFO] spectra.pipeline - ============================================================
09:14:39 [INFO] spectra.pipeline - [Phase 2a] Training VAE ...
09:14:44 [INFO] spectra.vae - VAE epoch   1/50 | train=0.7292 val=0.3895 recon=0.5844 kl=0.1447
09:15:22 [INFO] spectra.vae - VAE epoch  10/50 | train=0.4184 val=0.2443 recon=0.2557 kl=0.1627
09:15:47 [INFO] spectra.vae - VAE epoch  20/50 | train=0.3909 val=0.2291 recon=0.2232 kl=0.1678
09:16:12 [INFO] spectra.vae - VAE epoch  30/50 | train=0.3807 val=0.2307 recon=0.2118 kl=0.1689
09:16:47 [INFO] spectra.vae - VAE epoch  40/50 | train=0.3754 val=0.2235 recon=0.2063 kl=0.1691
09:17:32 [INFO] spectra.vae - VAE epoch  50/50 | train=0.3715 val=0.2233 recon=0.2020 kl=0.1694
09:17:32 [INFO] spectra.vae - VAE training complete — best val loss: 0.2216
09:17:32 [INFO] spectra.pipeline - [Phase 2a] VAE done — anomaly threshold: 0.1694
09:17:32 [INFO] spectra.pipeline - [Phase 2b] HDBSCAN clustering on latent space ...
09:17:32 [INFO] spectra.cluster - [Module C] HDBSCAN — min_cluster_size=100 min_samples=10 ...
09:21:57 [INFO] spectra.cluster - [Module C] HDBSCAN found 135 clusters | noise points: 63390 (21.1%)
09:22:01 [INFO] spectra.pipeline - [Phase 2b] Cluster metrics: {'silhouette': 0.01767898164689541, 'davies_bouldin': 3.5804859292941567, 'calinski_harabasz': 5595.759408941693, 'nmi': 0.11179678841588025}
09:22:01 [INFO] spectra.pipeline - [Phase 2c] Wasserstein drift detection ...
09:22:01 [INFO] spectra.cluster - [Module C] Wasserstein drift — 30 windows, 29 alerts (delta=0.100)
09:22:01 [INFO] spectra.pipeline - [Phase 2d] Bayesian trust scoring ...
09:22:21 [INFO] spectra.pipeline - [Phase 2e] Markov chain profiler ...
09:22:35 [INFO] spectra.profiler - [Module T] Markov chain fitted from 55678 address sequences.
09:22:57 [INFO] spectra.pipeline - [Phase 2f] Building GNN input features ...
09:23:31 [INFO] spectra.pipeline - [Phase 2g] Training GNN classifier ...
09:23:32 [INFO] spectra.classifier - GNN epoch   1/100 | train_loss=8526.9824 val_loss=2121.3835 train_acc=0.2737 val_acc=0.4111
09:23:33 [INFO] spectra.classifier - Early stopping at epoch 17 (best val=1880.3236)
09:23:33 [INFO] spectra.pipeline - [Phase 2g] SPECTRA-full test metrics: {'accuracy': 0.42533333333333334, 'f1_macro': 0.13902740149061618, 'f1_weighted': 0.4041701202907878, 'precision_macro': 0.13232603841558163, 'recall_macro': 0.2044744549300358, 'mcc': 0.304633990456011, 'auc_roc': nan, 'auc_pr': 0.32418199145787985}
09:24:03 [INFO] spectra.pipeline - [Phase 2] DONE
09:24:03 [INFO] spectra.pipeline - ============================================================
09:24:03 [INFO] spectra.pipeline - [Phase 3] BASELINE COMPARISON
09:24:03 [INFO] spectra.pipeline - ============================================================
09:24:03 [INFO] spectra.pipeline - [Phase 3] B1 KMeans ...
09:24:16 [INFO] spectra.baselines - KMeans: {'silhouette': 0.1674676537513733, 'davies_bouldin': 1.4899829053563156, 'calinski_harabasz': 7050.8111574505065, 'nmi': 0.04301254104590062, 'train_time_s': 10.741447299995343, 'inference_ms': 9.028910471047835e-05}
09:24:16 [INFO] spectra.pipeline - [Phase 3] B2 DBSCAN ...
09:24:20 [INFO] spectra.baselines - DBSCAN clusters=174 noise=13298
09:24:20 [INFO] spectra.pipeline - [Phase 3] B3 Isolation Forest ...
09:24:22 [INFO] spectra.pipeline - [Phase 3] B4 Autoencoder + KMeans ...
09:25:10 [INFO] spectra.pipeline - [Phase 3] B5 Plain HDBSCAN ...
09:25:55 [INFO] spectra.pipeline - [Phase 3] B6 XGBoost ...
09:26:00 [INFO] spectra.baselines - XGBoost: accuracy=1.0000 f1_macro=1.0000
09:26:00 [INFO] spectra.pipeline - [Phase 3] B7 EvolveGCN ...
09:26:03 [INFO] spectra.baselines - EvolveGCN: accuracy=0.5773 f1_macro=0.5561
09:26:03 [INFO] spectra.pipeline - [Phase 3] B8 BERT4ETH ...
09:30:51 [INFO] spectra.baselines - BERT4ETH: accuracy=1.0000 f1_macro=1.0000
09:30:51 [INFO] spectra.pipeline - [Phase 3] B9 Graph Autoencoder ...
09:31:01 [INFO] spectra.pipeline - [Phase 3] B10 AA-GNN ...
09:31:02 [INFO] spectra.baselines - AA-GNN: accuracy=0.4992 f1_macro=0.4800
09:31:17 [INFO] spectra.pipeline - [Phase 3] DONE — 11 models evaluated
09:31:17 [INFO] spectra.pipeline - ============================================================
09:31:17 [INFO] spectra.pipeline - [Phase 4] ABLATION STUDY
09:31:17 [INFO] spectra.pipeline - ============================================================
09:31:51 [INFO] spectra.pipeline - [Phase 4] Variant: SPECTRA-noS ...
09:31:52 [INFO] spectra.classifier - GNN epoch   1/60 | train_loss=18501.2891 val_loss=10632.3320 train_acc=0.4922 val_acc=0.4273
09:31:53 [INFO] spectra.classifier - Early stopping at epoch 19 (best val=3507.0601)
09:32:29 [INFO] spectra.pipeline - [Phase 4] Variant: SPECTRA-noVAE ...
09:32:30 [INFO] spectra.classifier - GNN epoch   1/60 | train_loss=15842.8037 val_loss=15232.8799 train_acc=0.1728 val_acc=0.5113
09:32:31 [INFO] spectra.classifier - GNN epoch  20/60 | train_loss=4149.5820 val_loss=1733.3955 train_acc=0.9411 val_acc=0.9413
09:32:32 [INFO] spectra.classifier - Early stopping at epoch 32 (best val=1443.7454)
09:32:33 [INFO] spectra.pipeline - [Phase 4] Variant: SPECTRA-noB ...
09:32:33 [INFO] spectra.classifier - GNN epoch   1/60 | train_loss=13070.9834 val_loss=9443.4902 train_acc=0.0209 val_acc=0.0009
09:32:34 [INFO] spectra.classifier - Early stopping at epoch 18 (best val=1836.0349)
09:32:34 [INFO] spectra.pipeline - [Phase 4] Variant: SPECTRA-noM ...
09:32:34 [INFO] spectra.classifier - GNN epoch   1/60 | train_loss=13070.9727 val_loss=9443.4756 train_acc=0.0240 val_acc=0.0031
09:32:36 [INFO] spectra.classifier - Early stopping at epoch 18 (best val=1836.0317)
09:32:36 [INFO] spectra.pipeline - [Phase 4] Variant: SPECTRA-noW ...
09:32:36 [INFO] spectra.classifier - GNN epoch   1/60 | train_loss=15842.8037 val_loss=15232.8799 train_acc=0.1728 val_acc=0.5113
09:32:38 [INFO] spectra.classifier - GNN epoch  20/60 | train_loss=4149.5820 val_loss=1733.3955 train_acc=0.9411 val_acc=0.9413
09:32:39 [INFO] spectra.classifier - Early stopping at epoch 32 (best val=1443.7454)
09:32:39 [INFO] spectra.pipeline - [Phase 4] Variant: SPECTRA-full ...
09:32:39 [INFO] spectra.classifier - GNN epoch   1/60 | train_loss=15842.8203 val_loss=15232.8975 train_acc=0.1559 val_acc=0.5113
09:32:41 [INFO] spectra.classifier - GNN epoch  20/60 | train_loss=4149.5796 val_loss=1733.3932 train_acc=0.9414 val_acc=0.9413
09:32:42 [INFO] spectra.classifier - Early stopping at epoch 32 (best val=1443.7437)
09:32:56 [INFO] spectra.pipeline - [Phase 4] DONE
09:32:56 [INFO] spectra.pipeline - ============================================================
09:32:56 [INFO] spectra.pipeline - [Phase 5] FIGURES
09:32:56 [INFO] spectra.pipeline - ============================================================
09:33:37 [INFO] spectra.visualize - Saved outputs/figures\fig1_tsne_comparison.pdf
09:33:38 [INFO] spectra.visualize - Saved outputs/figures\fig1_tsne_comparison.png
09:33:43 [INFO] spectra.visualize - Saved outputs/figures\fig2_vae_latent.pdf
09:33:44 [INFO] spectra.visualize - Saved outputs/figures\fig2_vae_latent.png
09:33:44 [INFO] spectra.visualize - Saved outputs/figures\fig3_roc_curves.pdf
09:33:44 [INFO] spectra.visualize - Saved outputs/figures\fig3_roc_curves.png
09:33:45 [INFO] spectra.visualize - Saved outputs/figures\fig4_pr_curves.pdf
09:33:45 [INFO] spectra.visualize - Saved outputs/figures\fig4_pr_curves.png
09:33:48 [INFO] spectra.visualize - Saved outputs/figures\fig5_confusion_matrices.pdf
09:33:48 [INFO] spectra.visualize - Saved outputs/figures\fig5_confusion_matrices.png
09:33:48 [INFO] spectra.visualize - Saved outputs/figures\fig6_wasserstein_drift.pdf
09:33:48 [INFO] spectra.visualize - Saved outputs/figures\fig6_wasserstein_drift.png
09:34:01 [INFO] spectra.visualize - Saved outputs/figures\fig7_markov_heatmap.pdf
09:34:02 [INFO] spectra.visualize - Saved outputs/figures\fig7_markov_heatmap.png
09:34:03 [INFO] spectra.visualize - Saved outputs/figures\fig8_nmf_patterns.pdf
09:34:04 [INFO] spectra.visualize - Saved outputs/figures\fig8_nmf_patterns.png
09:34:04 [INFO] spectra.visualize - Saved outputs/figures\fig9_feature_importance.pdf
09:34:04 [INFO] spectra.visualize - Saved outputs/figures\fig9_feature_importance.png
09:34:05 [INFO] spectra.visualize - Saved outputs/figures\fig10_ablation.pdf
09:34:05 [INFO] spectra.visualize - Saved outputs/figures\fig10_ablation.png
09:34:05 [INFO] spectra.visualize - Saved outputs/figures\fig_training_curves.pdf
09:34:05 [INFO] spectra.visualize - Saved outputs/figures\fig_training_curves.png
09:34:05 [WARNING] spectra.visualize - giotto-tda not installed — skipping Fig 11
09:34:05 [INFO] spectra.pipeline - [Phase 5] All figures saved to outputs/figures
09:34:05 [INFO] spectra.pipeline - ============================================================
09:34:05 [INFO] spectra.pipeline - [Phase 6] RESULTS TABLE
09:34:05 [INFO] spectra.pipeline - ============================================================
09:34:05 [INFO] spectra.pipeline - Results CSV: outputs/results_table.csv
09:34:05 [INFO] spectra.pipeline - Results LaTeX: outputs/results_table.tex
09:34:05 [INFO] spectra.pipeline - >> SPECTRA pipeline complete in 1398.2 s (23.3 min)
09:34:05 [INFO] spectra - Total wall-clock time: 1398.2 s (23.3 min)
09:34:05 [INFO] spectra - Outputs: outputs
