01:11:23 [INFO] spectra — ======================================================================
01:11:23 [INFO] spectra —   SPECTRA — Spectral-Probabilistic Ensemble Clustering
01:11:23 [INFO] spectra —   for Transaction Recognition and Authentication
01:11:23 [INFO] spectra —   Author: Sagar Korde | Target: IEEE TIFS
01:11:23 [INFO] spectra — ======================================================================
01:11:23 [INFO] spectra — Config: config.yaml | Phase: all
01:11:23 [INFO] spectra — Device: cuda | CUDA: NVIDIA GeForce RTX 4060 Laptop GPU
01:11:23 [INFO] numexpr.utils — Note: NumExpr detected 32 cores but "NUMEXPR_MAX_THREADS" not set, so enforcing safe limit of 8.
01:11:23 [INFO] numexpr.utils — NumExpr defaulting to 8 threads.
01:11:25 [INFO] spectra.pipeline — SPECTRA Pipeline initialized | device=cuda | seed=42
01:11:25 [INFO] spectra.pipeline — [Phase 1] Loaded from checkpoint.
01:11:25 [INFO] spectra.pipeline — ============================================================
01:11:25 [INFO] spectra.pipeline — [Phase 2] SPECTRA MODULES
01:11:25 [INFO] spectra.pipeline — ============================================================
01:11:27 [INFO] spectra.pipeline — [Phase 2a] Training VAE …
01:11:28 [INFO] spectra.vae — VAE epoch   1/50 | train=1.3343 val=0.7110 recon=1.1398 kl=0.1945
01:11:28 [INFO] spectra.vae — VAE epoch  10/50 | train=0.9208 val=0.5044 recon=0.7892 kl=0.1316
01:11:28 [INFO] spectra.vae — VAE epoch  20/50 | train=0.8196 val=0.4449 recon=0.6790 kl=0.1407
01:11:28 [INFO] spectra.vae — VAE epoch  30/50 | train=0.7633 val=0.4178 recon=0.6115 kl=0.1518
01:11:28 [INFO] spectra.vae — VAE epoch  40/50 | train=0.7638 val=0.3988 recon=0.6115 kl=0.1522
01:11:29 [INFO] spectra.vae — VAE epoch  50/50 | train=0.7046 val=0.3890 recon=0.5512 kl=0.1534
01:11:29 [INFO] spectra.vae — VAE training complete — best val loss: 0.3890
01:11:29 [INFO] spectra.pipeline — [Phase 2a] VAE done — anomaly threshold: 0.7080
01:11:29 [INFO] spectra.pipeline — [Phase 2b] HDBSCAN clustering on latent space …
01:11:29 [INFO] spectra.cluster — [Module C] HDBSCAN — min_cluster_size=100 min_samples=10 …
01:11:29 [INFO] spectra.cluster — [Module C] HDBSCAN found 9 clusters | noise points: 227 (11.4%)
01:11:29 [INFO] spectra.pipeline — [Phase 2b] Cluster metrics: {'silhouette': 0.23911230266094208, 'davies_bouldin': 1.6471716801586949, 'calinski_harabasz': 330.4015479234841, 'nmi': 0.12827285982769007}
01:11:29 [INFO] spectra.pipeline — [Phase 2c] Wasserstein drift detection …
01:11:29 [INFO] spectra.pipeline — [Phase 2d] Bayesian trust scoring …
01:11:29 [INFO] spectra.pipeline — [Phase 2e] Markov chain profiler …
01:11:29 [INFO] spectra.profiler — [Module T] Markov chain fitted from 61 address sequences.
01:11:29 [INFO] spectra.pipeline — [Phase 2f] Building GNN input features …
01:11:29 [INFO] spectra.pipeline — [Phase 2g] Training GNN classifier …
01:11:29 [INFO] spectra.classifier — GNN epoch   1/100 | train_loss=4660.1895 val_loss=3416.5564 train_acc=0.0633 val_acc=0.0158
01:11:29 [INFO] spectra.classifier — GNN epoch  20/100 | train_loss=1936.1685 val_loss=201.8968 train_acc=0.8019 val_acc=0.8051
01:11:30 [INFO] spectra.classifier — Early stopping at epoch 29 (best val=132.2278)
01:11:30 [INFO] spectra.pipeline — [Phase 2g] SPECTRA-full test metrics: {'accuracy': 0.8192419825072886, 'f1_macro': 0.30334169064000566, 'f1_weighted': 0.7859470271273944, 'precision_macro': 0.33461598801304526, 'recall_macro': 0.3338994996908767, 'mcc': 0.6213042564116577, 'auc_roc': 0.7560457736657898, 'auc_pr': 0.35399557881525384}
01:11:30 [INFO] spectra.pipeline — [Phase 2] DONE
01:11:30 [INFO] spectra.pipeline — ============================================================
01:11:30 [INFO] spectra.pipeline — [Phase 3] BASELINE COMPARISON
01:11:30 [INFO] spectra.pipeline — ============================================================
