11:25:16 [INFO] spectra - ======================================================================
11:25:16 [INFO] spectra -   SPECTRA — Spectral-Probabilistic Ensemble Clustering
11:25:16 [INFO] spectra -   for Transaction Recognition and Authentication
11:25:16 [INFO] spectra -   Author: Sagar Korde | Target: IEEE TIFS
11:25:16 [INFO] spectra - ======================================================================
11:25:16 [INFO] spectra - Config: config.yaml | Phase: all
11:25:16 [INFO] spectra - Device: cuda | CUDA: NVIDIA GeForce RTX 4060 Laptop GPU
11:25:17 [INFO] spectra.pipeline - SPECTRA Pipeline initialized | device=cuda | seed=42
11:25:17 [INFO] spectra.pipeline - >> SPECTRA pipeline starting ...
11:25:17 [INFO] spectra.pipeline - ============================================================
11:25:17 [INFO] spectra.pipeline - [Phase 1] DATA PIPELINE
11:25:17 [INFO] spectra.pipeline - ============================================================
11:26:17 [INFO] spectra.graph - Loaded 5884387 rows x 53 cols from C:/Users/sagar/Desktop/CryptoGraphNet/Dataset.parquet
11:26:20 [INFO] spectra.graph - Sampled 300000 rows — class distribution: {0: 50000, 1: 50000, 2: 50000, 5: 50000, 3: 50000, 4: 50000}
11:26:23 [INFO] spectra.features - Feature matrix: 300000 × 31
11:26:24 [INFO] spectra.features - [Module E] Computing mutual information …
11:27:07 [INFO] spectra.features - Top-5 features by MI: [('weight', 1.3196), ('vsize', 1.2043), ('size', 1.1926), ('output_count', 1.1714), ('input_count', 0.7261)]
11:27:07 [INFO] spectra.features - Selected 20 features: ['block_height', 'block_time', 'version', 'locktime', 'size', 'vsize', 'weight', 'input_count', 'output_count', 'total_input_value', 'total_output_value', 'fee', 'has_coinbase', 'has_op_return', 'rbf_enabled', 'hour', 'day_of_week', 'week_of_year', 'year', 'input_output_ratio']
11:27:07 [INFO] spectra.features - [Module E] Running NMF (r=10) …
11:27:08 [INFO] spectra.features - [Module E] NMF reconstruction error: 1051.4056 | explained components: 10
11:27:09 [INFO] spectra.pipeline - [Phase 1] Building spectral graph on 300000 rows ...
11:27:09 [INFO] spectra.graph - [Module S] Extracting address pairs ...
11:27:32 [INFO] spectra.graph - [Module S] Building graph ...
11:28:33 [INFO] spectra.graph - Graph (full): 2879144 nodes | 28584233 edges
11:28:47 [INFO] spectra.graph - Graph (pruned to top-30000 by degree): 30000 nodes | 3326901 edges
11:28:47 [INFO] spectra.graph - [Module S] Computing Laplacian ...
11:28:52 [INFO] spectra.graph - [Module S] Extracting spectral embeddings ...
11:28:52 [INFO] spectra.graph - Computing spectral embedding (randomized SVD, k=10) on 30000-node graph ...
11:28:55 [INFO] spectra.graph - Spectral embedding shape: (30000, 10)
11:28:55 [INFO] spectra.graph - [Module S] Computing address-level features ...
11:29:25 [INFO] spectra.graph - [Module S] Node feature matrix: (30000, 16)
11:29:42 [INFO] spectra.pipeline - [Phase 1] DONE — 300000 samples | 20 features | 30000 graph nodes
11:29:42 [INFO] spectra.pipeline - ============================================================
11:29:42 [INFO] spectra.pipeline - [Phase 2] SPECTRA MODULES
11:29:42 [INFO] spectra.pipeline - ============================================================
11:29:48 [INFO] spectra.pipeline - [Phase 2a] Training VAE ...
11:29:53 [INFO] spectra.vae - VAE epoch   1/50 | train=0.7292 val=0.3895 recon=0.5844 kl=0.1447
11:30:29 [INFO] spectra.vae - VAE epoch  10/50 | train=0.4184 val=0.2443 recon=0.2557 kl=0.1627
11:31:05 [INFO] spectra.vae - VAE epoch  20/50 | train=0.3909 val=0.2291 recon=0.2232 kl=0.1678
11:31:44 [INFO] spectra.vae - VAE epoch  30/50 | train=0.3807 val=0.2307 recon=0.2118 kl=0.1689
11:32:17 [INFO] spectra.vae - VAE epoch  40/50 | train=0.3754 val=0.2235 recon=0.2063 kl=0.1691
11:32:51 [INFO] spectra.vae - VAE epoch  50/50 | train=0.3715 val=0.2233 recon=0.2020 kl=0.1694
11:32:51 [INFO] spectra.vae - VAE training complete — best val loss: 0.2216
11:32:52 [INFO] spectra.pipeline - [Phase 2a] VAE done — anomaly threshold: 0.1694
11:32:52 [INFO] spectra.pipeline - [Phase 2b] HDBSCAN clustering on latent space ...
11:32:52 [INFO] spectra.cluster - [Module C] HDBSCAN — min_cluster_size=100 min_samples=10 ...
11:36:30 [INFO] spectra.cluster - [Module C] HDBSCAN found 135 clusters | noise points: 63390 (21.1%)
11:36:33 [INFO] spectra.pipeline - [Phase 2b] Cluster metrics: {'silhouette': 0.01767898164689541, 'davies_bouldin': 3.5804859292941567, 'calinski_harabasz': 5595.759408941693, 'nmi': 0.11179678841588025}
11:36:33 [INFO] spectra.pipeline - [Phase 2c] Wasserstein drift detection ...
11:36:34 [INFO] spectra.cluster - [Module C] Wasserstein drift — 30 windows, 29 alerts (delta=0.100)
11:36:34 [INFO] spectra.pipeline - [Phase 2d] Bayesian trust scoring ...
11:36:47 [INFO] spectra.pipeline - [Phase 2e] Markov chain profiler ...
11:36:57 [INFO] spectra.profiler - [Module T] Markov chain fitted from 55678 address sequences.
11:37:12 [INFO] spectra.pipeline - [Phase 2f] Building GNN input features ...
11:37:36 [INFO] spectra.pipeline - [Phase 2g] Training GNN classifier ...
11:37:36 [INFO] spectra.classifier - GNN epoch   1/100 | train_loss=12497.8711 val_loss=4372.4531 train_acc=0.2356 val_acc=0.3389
11:37:38 [INFO] spectra.classifier - Early stopping at epoch 18 (best val=2859.8860)
11:37:38 [INFO] spectra.pipeline - [Phase 2g] SPECTRA-full test metrics: {'accuracy': 0.40355555555555556, 'f1_macro': 0.15487078273055951, 'f1_weighted': 0.40739631165518053, 'precision_macro': 0.26035229588544645, 'recall_macro': 0.19310759014765555, 'mcc': 0.32503622774908875, 'auc_roc': 0.42091935311518386, 'auc_pr': 0.2974887216505628}
11:38:02 [INFO] spectra.pipeline - [Phase 2] DONE
11:38:03 [INFO] spectra.pipeline - ============================================================
11:38:03 [INFO] spectra.pipeline - [Phase 3] BASELINE COMPARISON
11:38:03 [INFO] spectra.pipeline - ============================================================
11:38:03 [INFO] spectra.pipeline - [Phase 3] B1 KMeans ...
11:38:14 [INFO] spectra.baselines - KMeans: {'silhouette': 0.1674676537513733, 'davies_bouldin': 1.4899829053563156, 'calinski_harabasz': 7050.8111574505065, 'nmi': 0.04301254104590062, 'train_time_s': 8.75985529999889, 'inference_ms': 8.567587385147475e-05}
11:38:14 [INFO] spectra.pipeline - [Phase 3] B2 DBSCAN ...
11:38:17 [INFO] spectra.baselines - DBSCAN clusters=174 noise=13298
11:38:17 [INFO] spectra.pipeline - [Phase 3] B3 Isolation Forest ...
11:38:18 [INFO] spectra.pipeline - [Phase 3] B4 Autoencoder + KMeans ...
11:39:04 [INFO] spectra.pipeline - [Phase 3] B5 Plain HDBSCAN ...
11:40:01 [INFO] spectra.pipeline - [Phase 3] B6 XGBoost ...
11:40:08 [INFO] spectra.baselines - XGBoost: accuracy=1.0000 f1_macro=1.0000
11:40:08 [INFO] spectra.pipeline - [Phase 3] B7 EvolveGCN ...
11:40:11 [INFO] spectra.baselines - EvolveGCN: accuracy=0.5773 f1_macro=0.5561
11:40:11 [INFO] spectra.pipeline - [Phase 3] B8 BERT4ETH ...
11:44:00 [INFO] spectra.baselines - BERT4ETH: accuracy=1.0000 f1_macro=1.0000
11:44:00 [INFO] spectra.pipeline - [Phase 3] B9 Graph Autoencoder ...
11:44:09 [INFO] spectra.pipeline - [Phase 3] B10 AA-GNN ...
11:44:10 [INFO] spectra.baselines - AA-GNN: accuracy=0.4992 f1_macro=0.4800
11:44:21 [INFO] spectra.pipeline - [Phase 3] DONE — 11 models evaluated
11:44:21 [INFO] spectra.pipeline - ============================================================
11:44:21 [INFO] spectra.pipeline - [Phase 4] ABLATION STUDY
11:44:21 [INFO] spectra.pipeline - ============================================================
11:44:46 [INFO] spectra.pipeline - [Phase 4] Variant: SPECTRA-noS ...
11:44:46 [INFO] spectra.classifier - GNN epoch   1/60 | train_loss=22561.5762 val_loss=18349.1992 train_acc=0.5658 val_acc=0.5773
11:44:47 [INFO] spectra.classifier - GNN epoch  20/60 | train_loss=8739.3145 val_loss=4359.1094 train_acc=0.8864 val_acc=0.8927
11:44:48 [INFO] spectra.classifier - Early stopping at epoch 34 (best val=3143.2163)
11:45:15 [INFO] spectra.pipeline - [Phase 4] Variant: SPECTRA-noVAE ...
11:45:16 [INFO] spectra.classifier - GNN epoch   1/60 | train_loss=27726.3320 val_loss=29052.8887 train_acc=0.1826 val_acc=0.5771
11:45:17 [INFO] spectra.classifier - GNN epoch  20/60 | train_loss=7979.2114 val_loss=5527.3208 train_acc=0.8825 val_acc=0.8936
11:45:19 [INFO] spectra.classifier - GNN epoch  40/60 | train_loss=5538.7715 val_loss=2556.1992 train_acc=0.8982 val_acc=0.9131
11:45:20 [INFO] spectra.classifier - GNN epoch  60/60 | train_loss=5223.8018 val_loss=2095.6421 train_acc=0.8970 val_acc=0.9153
11:45:21 [INFO] spectra.pipeline - [Phase 4] Variant: SPECTRA-noB ...
11:45:21 [INFO] spectra.classifier - GNN epoch   1/60 | train_loss=16923.9043 val_loss=13716.4043 train_acc=0.0292 val_acc=0.0027
11:45:22 [INFO] spectra.classifier - GNN epoch  20/60 | train_loss=7007.5488 val_loss=3140.3630 train_acc=0.8834 val_acc=0.8729
11:45:24 [INFO] spectra.classifier - GNN epoch  40/60 | train_loss=5367.0054 val_loss=2015.2620 train_acc=0.8933 val_acc=0.9013
11:45:25 [INFO] spectra.classifier - GNN epoch  60/60 | train_loss=5146.2197 val_loss=1854.1213 train_acc=0.8966 val_acc=0.9044
11:45:26 [INFO] spectra.pipeline - [Phase 4] Variant: SPECTRA-noM ...
11:45:26 [INFO] spectra.classifier - GNN epoch   1/60 | train_loss=16923.8848 val_loss=13716.3936 train_acc=0.0328 val_acc=0.0049
11:45:27 [INFO] spectra.classifier - GNN epoch  20/60 | train_loss=7007.5566 val_loss=3140.3596 train_acc=0.8835 val_acc=0.8729
11:45:29 [INFO] spectra.classifier - GNN epoch  40/60 | train_loss=5367.0220 val_loss=2015.2909 train_acc=0.8935 val_acc=0.9013
11:45:31 [INFO] spectra.classifier - GNN epoch  60/60 | train_loss=5146.2280 val_loss=1854.1533 train_acc=0.8972 val_acc=0.9044
11:45:31 [INFO] spectra.pipeline - [Phase 4] Variant: SPECTRA-noW ...
11:45:31 [INFO] spectra.classifier - GNN epoch   1/60 | train_loss=27726.3320 val_loss=29052.8887 train_acc=0.1826 val_acc=0.5771
11:45:32 [INFO] spectra.classifier - GNN epoch  20/60 | train_loss=7979.2114 val_loss=5527.3208 train_acc=0.8825 val_acc=0.8936
11:45:34 [INFO] spectra.classifier - GNN epoch  40/60 | train_loss=5538.7715 val_loss=2556.1992 train_acc=0.8982 val_acc=0.9131
11:45:36 [INFO] spectra.classifier - GNN epoch  60/60 | train_loss=5223.8018 val_loss=2095.6421 train_acc=0.8970 val_acc=0.9153
11:45:36 [INFO] spectra.pipeline - [Phase 4] Variant: SPECTRA-full ...
11:45:36 [INFO] spectra.classifier - GNN epoch   1/60 | train_loss=27726.3457 val_loss=29052.9102 train_acc=0.1592 val_acc=0.5771
11:45:37 [INFO] spectra.classifier - GNN epoch  20/60 | train_loss=7979.2075 val_loss=5527.3188 train_acc=0.8827 val_acc=0.8936
11:45:39 [INFO] spectra.classifier - GNN epoch  40/60 | train_loss=5538.7656 val_loss=2556.1987 train_acc=0.8988 val_acc=0.9131
11:45:41 [INFO] spectra.classifier - GNN epoch  60/60 | train_loss=5223.7964 val_loss=2095.6379 train_acc=0.8977 val_acc=0.9153
11:45:52 [INFO] spectra.pipeline - [Phase 4] DONE
11:45:52 [INFO] spectra.pipeline - ============================================================
11:45:52 [INFO] spectra.pipeline - [Phase 5] FIGURES
11:45:52 [INFO] spectra.pipeline - ============================================================
11:46:27 [INFO] spectra.visualize - Saved outputs/figures\fig1_tsne_comparison.pdf
11:46:27 [INFO] spectra.visualize - Saved outputs/figures\fig1_tsne_comparison.png
11:46:31 [INFO] spectra.visualize - Saved outputs/figures\fig2_vae_latent.pdf
11:46:32 [INFO] spectra.visualize - Saved outputs/figures\fig2_vae_latent.png
11:46:32 [INFO] spectra.visualize - Saved outputs/figures\fig3_roc_curves.pdf
11:46:32 [INFO] spectra.visualize - Saved outputs/figures\fig3_roc_curves.png
11:46:33 [INFO] spectra.visualize - Saved outputs/figures\fig4_pr_curves.pdf
11:46:33 [INFO] spectra.visualize - Saved outputs/figures\fig4_pr_curves.png
11:46:34 [INFO] spectra.visualize - Saved outputs/figures\fig5_confusion_matrices.pdf
11:46:35 [INFO] spectra.visualize - Saved outputs/figures\fig5_confusion_matrices.png
11:46:35 [INFO] spectra.visualize - Saved outputs/figures\fig6_wasserstein_drift.pdf
11:46:35 [INFO] spectra.visualize - Saved outputs/figures\fig6_wasserstein_drift.png
11:46:46 [INFO] spectra.visualize - Saved outputs/figures\fig7_markov_heatmap.pdf
11:46:47 [INFO] spectra.visualize - Saved outputs/figures\fig7_markov_heatmap.png
11:46:47 [INFO] spectra.visualize - Saved outputs/figures\fig8_nmf_patterns.pdf
11:46:47 [INFO] spectra.visualize - Saved outputs/figures\fig8_nmf_patterns.png
11:46:48 [INFO] spectra.visualize - Saved outputs/figures\fig9_feature_importance.pdf
11:46:48 [INFO] spectra.visualize - Saved outputs/figures\fig9_feature_importance.png
11:46:48 [INFO] spectra.visualize - Saved outputs/figures\fig10_ablation.pdf
11:46:48 [INFO] spectra.visualize - Saved outputs/figures\fig10_ablation.png
11:46:49 [INFO] spectra.visualize - Saved outputs/figures\fig_training_curves.pdf
11:46:49 [INFO] spectra.visualize - Saved outputs/figures\fig_training_curves.png
11:46:49 [WARNING] spectra.visualize - giotto-tda not installed — skipping Fig 11
11:46:49 [INFO] spectra.pipeline - [Phase 5] All figures saved to outputs/figures
11:46:49 [INFO] spectra.pipeline - ============================================================
11:46:49 [INFO] spectra.pipeline - [Phase 6] RESULTS TABLE
11:46:49 [INFO] spectra.pipeline - ============================================================
11:46:49 [INFO] spectra.pipeline - Results CSV: outputs/results_table.csv
11:46:49 [INFO] spectra.pipeline - Results LaTeX: outputs/results_table.tex
11:46:49 [INFO] spectra.pipeline - >> SPECTRA pipeline complete in 1292.1 s (21.5 min)
11:46:49 [INFO] spectra - Total wall-clock time: 1292.1 s (21.5 min)
11:46:49 [INFO] spectra - Outputs: outputs
