07:38:45 [INFO] spectra - ======================================================================
07:38:45 [INFO] spectra -   SPECTRA — Spectral-Probabilistic Ensemble Clustering
07:38:45 [INFO] spectra -   for Transaction Recognition and Authentication
07:38:45 [INFO] spectra -   Author: Sagar Korde | Target: IEEE TIFS
07:38:45 [INFO] spectra - ======================================================================
07:38:45 [INFO] spectra - Config: config.yaml | Phase: all
07:38:45 [INFO] spectra - Device: cuda | CUDA: NVIDIA GeForce RTX 4060 Laptop GPU
07:38:45 [INFO] numexpr.utils - Note: NumExpr detected 32 cores but "NUMEXPR_MAX_THREADS" not set, so enforcing safe limit of 8.
07:38:45 [INFO] numexpr.utils - NumExpr defaulting to 8 threads.
07:38:47 [INFO] spectra.pipeline - SPECTRA Pipeline initialized | device=cuda | seed=42
07:38:47 [INFO] spectra.pipeline - >> SPECTRA pipeline starting ...
07:38:47 [INFO] spectra.pipeline - ============================================================
07:38:47 [INFO] spectra.pipeline - [Phase 1] DATA PIPELINE
07:38:47 [INFO] spectra.pipeline - ============================================================
07:39:59 [INFO] spectra.graph - Loaded 5884387 rows x 53 cols from C:/Users/sagar/Desktop/CryptoGraphNet/Dataset.parquet
07:40:01 [INFO] spectra.graph - Sampled 300000 rows — class distribution: {0: 50000, 1: 50000, 2: 50000, 5: 50000, 3: 50000, 4: 50000}
07:40:05 [INFO] spectra.features - Feature matrix: 300000 × 31
07:40:06 [INFO] spectra.features - [Module E] Computing mutual information …
07:41:05 [INFO] spectra.features - Top-5 features by MI: [('weight', 1.3196), ('vsize', 1.2043), ('size', 1.1926), ('output_count', 1.1714), ('input_count', 0.7261)]
07:41:05 [INFO] spectra.features - Selected 20 features: ['block_height', 'block_time', 'version', 'locktime', 'size', 'vsize', 'weight', 'input_count', 'output_count', 'total_input_value', 'total_output_value', 'fee', 'has_coinbase', 'has_op_return', 'rbf_enabled', 'hour', 'day_of_week', 'week_of_year', 'year', 'input_output_ratio']
07:41:05 [INFO] spectra.features - [Module E] Running NMF (r=10) …
07:41:06 [INFO] spectra.features - [Module E] NMF reconstruction error: 1051.4349 | explained components: 10
07:41:07 [INFO] spectra.pipeline - [Phase 1] Building spectral graph on 20000 rows ...
07:41:07 [INFO] spectra.graph - [Module S] Extracting address pairs ...
07:41:08 [INFO] spectra.graph - [Module S] Building graph ...
07:41:13 [INFO] spectra.graph - Graph (full): 218747 nodes | 2080494 edges
07:41:18 [INFO] spectra.graph - Graph (pruned to top-30000 by degree): 30000 nodes | 1691348 edges
07:41:18 [INFO] spectra.graph - [Module S] Computing Laplacian ...
07:41:21 [INFO] spectra.graph - [Module S] Extracting spectral embeddings ...
07:41:21 [INFO] spectra.graph - Computing spectral embedding (randomized SVD, k=10) on 30000-node graph ...
07:41:23 [INFO] spectra.graph - Spectral embedding shape: (30000, 10)
07:41:23 [INFO] spectra.graph - [Module S] Computing address-level features ...
07:41:25 [INFO] spectra.graph - [Module S] Node feature matrix: (30000, 16)
07:41:45 [INFO] spectra.pipeline - [Phase 1] DONE — 300000 samples | 20 features | 30000 graph nodes
07:41:45 [INFO] spectra.pipeline - ============================================================
07:41:45 [INFO] spectra.pipeline - [Phase 2] SPECTRA MODULES
07:41:45 [INFO] spectra.pipeline - ============================================================
07:41:49 [INFO] spectra.pipeline - [Phase 2a] Training VAE ...
07:41:54 [INFO] spectra.vae - VAE epoch   1/50 | train=0.7292 val=0.3895 recon=0.5844 kl=0.1447
07:42:29 [INFO] spectra.vae - VAE epoch  10/50 | train=0.4184 val=0.2443 recon=0.2557 kl=0.1627
07:43:09 [INFO] spectra.vae - VAE epoch  20/50 | train=0.3909 val=0.2291 recon=0.2232 kl=0.1678
07:43:49 [INFO] spectra.vae - VAE epoch  30/50 | train=0.3807 val=0.2307 recon=0.2118 kl=0.1689
07:44:28 [INFO] spectra.vae - VAE epoch  40/50 | train=0.3754 val=0.2235 recon=0.2063 kl=0.1691
07:45:08 [INFO] spectra.vae - VAE epoch  50/50 | train=0.3715 val=0.2233 recon=0.2020 kl=0.1694
07:45:08 [INFO] spectra.vae - VAE training complete — best val loss: 0.2216
07:45:08 [INFO] spectra.pipeline - [Phase 2a] VAE done — anomaly threshold: 0.1694
07:45:08 [INFO] spectra.pipeline - [Phase 2b] HDBSCAN clustering on latent space ...
07:45:08 [INFO] spectra.cluster - [Module C] HDBSCAN — min_cluster_size=100 min_samples=10 ...
07:56:12 [INFO] spectra.cluster - [Module C] HDBSCAN found 135 clusters | noise points: 63390 (21.1%)
07:56:16 [INFO] spectra.pipeline - [Phase 2b] Cluster metrics: {'silhouette': 0.017860233783721924, 'davies_bouldin': 3.5805019302455716, 'calinski_harabasz': 5595.401515904593, 'nmi': 0.11179180785901358}
07:56:16 [INFO] spectra.pipeline - [Phase 2c] Wasserstein drift detection ...
07:56:17 [INFO] spectra.cluster - [Module C] Wasserstein drift — 30 windows, 29 alerts (delta=0.100)
07:56:17 [INFO] spectra.pipeline - [Phase 2d] Bayesian trust scoring ...
07:56:44 [INFO] spectra.pipeline - [Phase 2e] Markov chain profiler ...
07:57:02 [INFO] spectra.profiler - [Module T] Markov chain fitted from 55678 address sequences.
07:57:36 [INFO] spectra.pipeline - [Phase 2f] Building GNN input features ...
07:58:26 [INFO] spectra.pipeline - [Phase 2g] Training GNN classifier ...
07:58:27 [INFO] spectra.classifier - GNN epoch   1/100 | train_loss=16922.4785 val_loss=4448.7324 train_acc=0.2878 val_acc=0.5329
07:58:29 [INFO] spectra.classifier - Early stopping at epoch 19 (best val=1623.6055)
07:58:30 [INFO] spectra.pipeline - [Phase 2g] SPECTRA-full test metrics: {'accuracy': 0.53, 'f1_macro': 0.14078616822133835, 'f1_weighted': 0.39422243946299435, 'precision_macro': 0.30454901123915207, 'recall_macro': 0.17439239352038557, 'mcc': 0.04934333195907675, 'auc_roc': 0.6749300624152211, 'auc_pr': 0.3223704989786813}
07:59:13 [INFO] spectra.pipeline - [Phase 2] DONE
07:59:13 [INFO] spectra.pipeline - ============================================================
07:59:13 [INFO] spectra.pipeline - [Phase 3] BASELINE COMPARISON
07:59:13 [INFO] spectra.pipeline - ============================================================
07:59:14 [INFO] spectra.pipeline - [Phase 3] B1 KMeans ...
07:59:30 [INFO] spectra.baselines - KMeans: {'silhouette': 0.1674676537513733, 'davies_bouldin': 1.4899829053563156, 'calinski_harabasz': 7050.740450196517, 'nmi': 0.04301254104590062, 'train_time_s': 12.580272499995772, 'inference_ms': 0.00011741294646627788}
07:59:30 [INFO] spectra.pipeline - [Phase 3] B2 DBSCAN ...
07:59:35 [INFO] spectra.baselines - DBSCAN clusters=174 noise=13298
07:59:35 [INFO] spectra.pipeline - [Phase 3] B3 Isolation Forest ...
07:59:38 [INFO] spectra.pipeline - [Phase 3] B4 Autoencoder + KMeans ...
08:01:05 [INFO] spectra.pipeline - [Phase 3] B5 Plain HDBSCAN ...
08:02:16 [INFO] spectra.pipeline - [Phase 3] B6 XGBoost ...
08:02:26 [INFO] spectra.baselines - XGBoost: accuracy=1.0000 f1_macro=1.0000
08:02:26 [INFO] spectra.pipeline - [Phase 3] B7 EvolveGCN ...
